<?xml version="1.0" encoding="UTF-8"?>
<!-- Generated by org.testng.reporters.JUnitReportReporter -->
<testsuite hostname="LAPTOP-GPFAO22A" failures="0" tests="1" name="com.actitime.testscript.TestMeth" time="28.536" errors="0" timestamp="2022-10-11T19:30:15 IST" skipped="0">
  <testcase classname="com.actitime.testscript.TestMeth" name="createCustomer" time="28.536"/>
  <system-out>
    <![CDATA[pass]]>
  </system-out>
</testsuite> <!-- com.actitime.testscript.TestMeth -->
